[planning.wedding/index.html]
[planning.wedding/apple-touch-icon.png]
[planning.wedding/manifest.json]
[planning.wedding/favicon-32x32.png]
[backblue.gif]
[fade.gif]
[index.html]
[ajax.googleapis.com/ajax/libs/webfont/1.6.26/webfont.js]
[planning.wedding/ru.html]
[planning.wedding/it.html]
[planning.wedding/hu.html]
[planning.wedding/fr.html]
[planning.wedding/de.html]
[planning.wedding/es.html]
[planning.wedding/pt.html]
[planning.wedding/ja.html]
[planning.wedding/sk.html]
[planning.wedding/cs.html]
[planning.wedding/tr.html]
[planning.wedding/ro.html]
[planning.wedding/_next/static/css/ce48045614edd3fd.css]
[planning.wedding/index.html]
[planning.wedding/ru.html]
[planning.wedding/it.html]
[planning.wedding/hu.html]
[planning.wedding/fr.html]
[planning.wedding/de.html]
[planning.wedding/es.html]
[planning.wedding/pt.html]
[planning.wedding/ja.html]
[planning.wedding/sk.html]
[planning.wedding/cs.html]
[planning.wedding/tr.html]
[planning.wedding/ro.html]
[planning.wedding/_next/wedding-planningf379.jpeg]
[planning.wedding/ru.html]
[planning.wedding/_next/static/css/ce48045614edd3fd.css]
